生成启动时间为 2018/2/11 0:00:28。
     1>项目“G:\MyProject\C++\MMDViewer\MMDViewer\MMDViewer.vcxproj”在节点 2 上(Build 个目标)。
     1>ClCompile:
         C:\Program Files (x86)\Microsoft Visual Studio 12.0\VC\bin\CL.exe /c /I"C:\Program Files (x86)\Visual Leak Detector\include" /Zi /nologo /W3 /WX- /O2 /Oi /Oy- /GL /D WIN32 /D NDEBUG /D _WINDOWS /D _UNICODE /D UNICODE /Gm- /EHsc /MD /GS /Gy /fp:precise /Zc:wchar_t /Zc:forScope /Fo"Release\\" /Fd"Release\vc120.pdb" /Gd /TP /analyze- /errorReport:prompt ..\Source\GUI.cpp
         GUI.cpp
     1>g:\sdk\directx sdk\include\dxgitype.h(12): warning C4005: “DXGI_STATUS_OCCLUDED”: 宏重定义
                 C:\Program Files (x86)\Windows Kits\8.1\Include\shared\winerror.h(50002) : 参见“DXGI_STATUS_OCCLUDED”的前一个定义
     1>g:\sdk\directx sdk\include\dxgitype.h(13): warning C4005: “DXGI_STATUS_CLIPPED”: 宏重定义
                 C:\Program Files (x86)\Windows Kits\8.1\Include\shared\winerror.h(50011) : 参见“DXGI_STATUS_CLIPPED”的前一个定义
     1>g:\sdk\directx sdk\include\dxgitype.h(14): warning C4005: “DXGI_STATUS_NO_REDIRECTION”: 宏重定义
                 C:\Program Files (x86)\Windows Kits\8.1\Include\shared\winerror.h(50020) : 参见“DXGI_STATUS_NO_REDIRECTION”的前一个定义
     1>g:\sdk\directx sdk\include\dxgitype.h(15): warning C4005: “DXGI_STATUS_NO_DESKTOP_ACCESS”: 宏重定义
                 C:\Program Files (x86)\Windows Kits\8.1\Include\shared\winerror.h(50029) : 参见“DXGI_STATUS_NO_DESKTOP_ACCESS”的前一个定义
     1>g:\sdk\directx sdk\include\dxgitype.h(16): warning C4005: “DXGI_STATUS_GRAPHICS_VIDPN_SOURCE_IN_USE”: 宏重定义
                 C:\Program Files (x86)\Windows Kits\8.1\Include\shared\winerror.h(50038) : 参见“DXGI_STATUS_GRAPHICS_VIDPN_SOURCE_IN_USE”的前一个定义
     1>g:\sdk\directx sdk\include\dxgitype.h(17): warning C4005: “DXGI_STATUS_MODE_CHANGED”: 宏重定义
                 C:\Program Files (x86)\Windows Kits\8.1\Include\shared\winerror.h(50047) : 参见“DXGI_STATUS_MODE_CHANGED”的前一个定义
     1>g:\sdk\directx sdk\include\dxgitype.h(18): warning C4005: “DXGI_STATUS_MODE_CHANGE_IN_PROGRESS”: 宏重定义
                 C:\Program Files (x86)\Windows Kits\8.1\Include\shared\winerror.h(50056) : 参见“DXGI_STATUS_MODE_CHANGE_IN_PROGRESS”的前一个定义
     1>g:\sdk\directx sdk\include\dxgitype.h(21): warning C4005: “DXGI_ERROR_INVALID_CALL”: 宏重定义
                 C:\Program Files (x86)\Windows Kits\8.1\Include\shared\winerror.h(50071) : 参见“DXGI_ERROR_INVALID_CALL”的前一个定义
     1>g:\sdk\directx sdk\include\dxgitype.h(22): warning C4005: “DXGI_ERROR_NOT_FOUND”: 宏重定义
                 C:\Program Files (x86)\Windows Kits\8.1\Include\shared\winerror.h(50080) : 参见“DXGI_ERROR_NOT_FOUND”的前一个定义
     1>g:\sdk\directx sdk\include\dxgitype.h(23): warning C4005: “DXGI_ERROR_MORE_DATA”: 宏重定义
                 C:\Program Files (x86)\Windows Kits\8.1\Include\shared\winerror.h(50089) : 参见“DXGI_ERROR_MORE_DATA”的前一个定义
     1>g:\sdk\directx sdk\include\dxgitype.h(24): warning C4005: “DXGI_ERROR_UNSUPPORTED”: 宏重定义
                 C:\Program Files (x86)\Windows Kits\8.1\Include\shared\winerror.h(50098) : 参见“DXGI_ERROR_UNSUPPORTED”的前一个定义
     1>g:\sdk\directx sdk\include\dxgitype.h(25): warning C4005: “DXGI_ERROR_DEVICE_REMOVED”: 宏重定义
                 C:\Program Files (x86)\Windows Kits\8.1\Include\shared\winerror.h(50107) : 参见“DXGI_ERROR_DEVICE_REMOVED”的前一个定义
     1>g:\sdk\directx sdk\include\dxgitype.h(26): warning C4005: “DXGI_ERROR_DEVICE_HUNG”: 宏重定义
                 C:\Program Files (x86)\Windows Kits\8.1\Include\shared\winerror.h(50116) : 参见“DXGI_ERROR_DEVICE_HUNG”的前一个定义
     1>g:\sdk\directx sdk\include\dxgitype.h(27): warning C4005: “DXGI_ERROR_DEVICE_RESET”: 宏重定义
                 C:\Program Files (x86)\Windows Kits\8.1\Include\shared\winerror.h(50126) : 参见“DXGI_ERROR_DEVICE_RESET”的前一个定义
     1>g:\sdk\directx sdk\include\dxgitype.h(28): warning C4005: “DXGI_ERROR_WAS_STILL_DRAWING”: 宏重定义
                 C:\Program Files (x86)\Windows Kits\8.1\Include\shared\winerror.h(50135) : 参见“DXGI_ERROR_WAS_STILL_DRAWING”的前一个定义
     1>g:\sdk\directx sdk\include\dxgitype.h(29): warning C4005: “DXGI_ERROR_FRAME_STATISTICS_DISJOINT”: 宏重定义
                 C:\Program Files (x86)\Windows Kits\8.1\Include\shared\winerror.h(50145) : 参见“DXGI_ERROR_FRAME_STATISTICS_DISJOINT”的前一个定义
     1>g:\sdk\directx sdk\include\dxgitype.h(30): warning C4005: “DXGI_ERROR_GRAPHICS_VIDPN_SOURCE_IN_USE”: 宏重定义
                 C:\Program Files (x86)\Windows Kits\8.1\Include\shared\winerror.h(50154) : 参见“DXGI_ERROR_GRAPHICS_VIDPN_SOURCE_IN_USE”的前一个定义
     1>g:\sdk\directx sdk\include\dxgitype.h(31): warning C4005: “DXGI_ERROR_DRIVER_INTERNAL_ERROR”: 宏重定义
                 C:\Program Files (x86)\Windows Kits\8.1\Include\shared\winerror.h(50164) : 参见“DXGI_ERROR_DRIVER_INTERNAL_ERROR”的前一个定义
     1>g:\sdk\directx sdk\include\dxgitype.h(32): warning C4005: “DXGI_ERROR_NONEXCLUSIVE”: 宏重定义
                 C:\Program Files (x86)\Windows Kits\8.1\Include\shared\winerror.h(50173) : 参见“DXGI_ERROR_NONEXCLUSIVE”的前一个定义
     1>g:\sdk\directx sdk\include\dxgitype.h(33): warning C4005: “DXGI_ERROR_NOT_CURRENTLY_AVAILABLE”: 宏重定义
                 C:\Program Files (x86)\Windows Kits\8.1\Include\shared\winerror.h(50182) : 参见“DXGI_ERROR_NOT_CURRENTLY_AVAILABLE”的前一个定义
     1>g:\sdk\directx sdk\include\dxgitype.h(34): warning C4005: “DXGI_ERROR_REMOTE_CLIENT_DISCONNECTED”: 宏重定义
                 C:\Program Files (x86)\Windows Kits\8.1\Include\shared\winerror.h(50192) : 参见“DXGI_ERROR_REMOTE_CLIENT_DISCONNECTED”的前一个定义
     1>g:\sdk\directx sdk\include\dxgitype.h(35): warning C4005: “DXGI_ERROR_REMOTE_OUTOFMEMORY”: 宏重定义
                 C:\Program Files (x86)\Windows Kits\8.1\Include\shared\winerror.h(50201) : 参见“DXGI_ERROR_REMOTE_OUTOFMEMORY”的前一个定义
     1>G:\SDK\DirectX SDK\Include\D3D11.h(917): warning C4005: “D3D11_ERROR_TOO_MANY_UNIQUE_STATE_OBJECTS”: 宏重定义
                 C:\Program Files (x86)\Windows Kits\8.1\Include\shared\winerror.h(50379) : 参见“D3D11_ERROR_TOO_MANY_UNIQUE_STATE_OBJECTS”的前一个定义
     1>G:\SDK\DirectX SDK\Include\D3D11.h(918): warning C4005: “D3D11_ERROR_FILE_NOT_FOUND”: 宏重定义
                 C:\Program Files (x86)\Windows Kits\8.1\Include\shared\winerror.h(50388) : 参见“D3D11_ERROR_FILE_NOT_FOUND”的前一个定义
     1>G:\SDK\DirectX SDK\Include\D3D11.h(919): warning C4005: “D3D11_ERROR_TOO_MANY_UNIQUE_VIEW_OBJECTS”: 宏重定义
                 C:\Program Files (x86)\Windows Kits\8.1\Include\shared\winerror.h(50398) : 参见“D3D11_ERROR_TOO_MANY_UNIQUE_VIEW_OBJECTS”的前一个定义
     1>G:\SDK\DirectX SDK\Include\D3D11.h(920): warning C4005: “D3D11_ERROR_DEFERRED_CONTEXT_MAP_WITHOUT_INITIAL_DISCARD”: 宏重定义
                 C:\Program Files (x86)\Windows Kits\8.1\Include\shared\winerror.h(50407) : 参见“D3D11_ERROR_DEFERRED_CONTEXT_MAP_WITHOUT_INITIAL_DISCARD”的前一个定义
     1>g:\sdk\directx sdk\include\d3d10.h(608): warning C4005: “D3D10_ERROR_TOO_MANY_UNIQUE_STATE_OBJECTS”: 宏重定义
                 C:\Program Files (x86)\Windows Kits\8.1\Include\shared\winerror.h(50355) : 参见“D3D10_ERROR_TOO_MANY_UNIQUE_STATE_OBJECTS”的前一个定义
     1>g:\sdk\directx sdk\include\d3d10.h(609): warning C4005: “D3D10_ERROR_FILE_NOT_FOUND”: 宏重定义
                 C:\Program Files (x86)\Windows Kits\8.1\Include\shared\winerror.h(50364) : 参见“D3D10_ERROR_FILE_NOT_FOUND”的前一个定义
     1>g:\myproject\c++\mmdviewer\source\External\FreeImage\FreeImage.h : warning C4819: 该文件包含不能在当前代码页(936)中表示的字符。请将该文件保存为 Unicode 格式以防止数据丢失
     1>g:\myproject\c++\mmdviewer\source\Material.h(45): warning C4018: “>”: 有符号/无符号不匹配
     1>g:\myproject\c++\mmdviewer\source\Renderer.h(111): warning C4244: “初始化”: 从“double”转换到“const int”，可能丢失数据
     1>..\Source\GUI.cpp(42): warning C4244: “初始化”: 从“float”转换到“int”，可能丢失数据
     1>..\Source\GUI.cpp(43): warning C4244: “初始化”: 从“float”转换到“int”，可能丢失数据
     1>..\Source\GUI.cpp(73): warning C4244: “参数”: 从“int”转换到“float”，可能丢失数据
       Link:
         C:\Program Files (x86)\Microsoft Visual Studio 12.0\VC\bin\link.exe /ERRORREPORT:PROMPT /OUT:"G:\MyProject\C++\MMDViewer\Release\MMDViewer.exe" /INCREMENTAL:NO /NOLOGO /LIBPATH:G:\MyProject\C++\MMDViewer\Lib /LIBPATH:"C:\Program Files (x86)\Visual Leak Detector\lib\Win32" dxguid.lib d3d11.lib d3dx11.lib d3dcompiler.lib d3dx10.lib FreeImage.lib kernel32.lib user32.lib gdi32.lib winspool.lib comdlg32.lib advapi32.lib shell32.lib ole32.lib oleaut32.lib uuid.lib odbc32.lib odbccp32.lib /MANIFEST /MANIFESTUAC:"level='asInvoker' uiAccess='false'" /manifest:embed /DEBUG /PDB:"G:\MyProject\C++\MMDViewer\Release\MMDViewer.pdb" /SUBSYSTEM:WINDOWS /OPT:REF /OPT:ICF /LTCG /TLBID:1 /DYNAMICBASE /NXCOMPAT /IMPLIB:"G:\MyProject\C++\MMDViewer\Release\MMDViewer.lib" /MACHINE:X86 /SAFESEH Release\AnimationController.obj
         Release\AnimationClip.obj
         Release\Camera.obj
         Release\CeShi.obj
         Release\D3DGraphicsContext.obj
         Release\D3DState.obj
         Release\Debug.obj
         Release\Event.obj
         Release\EventDispatcher.obj
         Release\GUI.obj
         Release\imgui.obj
         Release\imgui_demo.obj
         Release\imgui_draw.obj
         Release\imgui_impl_dx11.obj
         Release\Main.obj
         Release\Material.obj
         Release\MathLib.obj
         Release\MMDViewer.obj
         Release\FileReader.obj
         Release\MmdReader.obj
         Release\PmdReader.obj
         Release\PmxReader.obj
         Release\VmdReader.obj
         Release\Model.obj
         Release\ModelBone.obj
         Release\MorphController.obj
         Release\PathHelper.obj
         Release\Renderer.obj
         Release\RenderWindow.obj
         Release\Shader.obj
         Release\VertexIndexBuffer.obj
         正在生成代码
     1>g:\myproject\c++\mmdviewer\source\model.cpp(195): warning C4715: “Model::LoadTexture”: 不是所有的控件路径都返回值
     1>g:\myproject\c++\mmdviewer\source\mmd\mmdreader.cpp(41): warning C4715: “mmd::MMDReader::ReadModel”: 不是所有的控件路径都返回值
         已完成代码的生成
         MMDViewer.vcxproj -> G:\MyProject\C++\MMDViewer\Release\MMDViewer.exe
     1>已完成生成项目“G:\MyProject\C++\MMDViewer\MMDViewer\MMDViewer.vcxproj”(Build 个目标)的操作。

生成成功。

已用时间 00:00:06.75
