g:\myproject\c++\mmdviewer\mmdviewer\release\vc120.pdb
g:\myproject\c++\mmdviewer\mmdviewer\release\morphcontroller.obj
g:\myproject\c++\mmdviewer\mmdviewer\release\model.obj
g:\myproject\c++\mmdviewer\mmdviewer\release\vmdreader.obj
g:\myproject\c++\mmdviewer\mmdviewer\release\pmxreader.obj
g:\myproject\c++\mmdviewer\mmdviewer\release\pmdreader.obj
g:\myproject\c++\mmdviewer\mmdviewer\release\filereader.obj
g:\myproject\c++\mmdviewer\mmdviewer\release\mmdviewer.obj
g:\myproject\c++\mmdviewer\mmdviewer\release\mathlib.obj
g:\myproject\c++\mmdviewer\mmdviewer\release\mesh.obj
g:\myproject\c++\mmdviewer\mmdviewer\release\material.obj
g:\myproject\c++\mmdviewer\mmdviewer\release\main.obj
g:\myproject\c++\mmdviewer\mmdviewer\release\imgui_impl_dx11.obj
g:\myproject\c++\mmdviewer\mmdviewer\release\imgui_draw.obj
g:\myproject\c++\mmdviewer\mmdviewer\release\imgui_demo.obj
g:\myproject\c++\mmdviewer\mmdviewer\release\imgui.obj
g:\myproject\c++\mmdviewer\mmdviewer\release\eventdispatcher.obj
g:\myproject\c++\mmdviewer\mmdviewer\release\event.obj
g:\myproject\c++\mmdviewer\mmdviewer\release\debug.obj
g:\myproject\c++\mmdviewer\mmdviewer\release\d3dgraphicscontext.obj
g:\myproject\c++\mmdviewer\mmdviewer\release\camera.obj
g:\myproject\c++\mmdviewer\mmdviewer\release\vertexindexbuffer.obj
g:\myproject\c++\mmdviewer\mmdviewer\release\shader.obj
g:\myproject\c++\mmdviewer\mmdviewer\release\renderwindow.obj
g:\myproject\c++\mmdviewer\mmdviewer\release\renderer.obj
g:\myproject\c++\mmdviewer\release\mmdviewer.exe
g:\myproject\c++\mmdviewer\release\mmdviewer.pdb
g:\myproject\c++\mmdviewer\mmdviewer\release\mmdviewer.tlog\cl.command.1.tlog
g:\myproject\c++\mmdviewer\mmdviewer\release\mmdviewer.tlog\cl.read.1.tlog
g:\myproject\c++\mmdviewer\mmdviewer\release\mmdviewer.tlog\cl.write.1.tlog
g:\myproject\c++\mmdviewer\mmdviewer\release\mmdviewer.tlog\link.command.1.tlog
g:\myproject\c++\mmdviewer\mmdviewer\release\mmdviewer.tlog\link.read.1.tlog
g:\myproject\c++\mmdviewer\mmdviewer\release\mmdviewer.tlog\link.write.1.tlog
