g:\myproject\c++\mmdviewer\mmdviewer\debug\vc120.pdb
g:\myproject\c++\mmdviewer\mmdviewer\debug\vc120.idb
g:\myproject\c++\mmdviewer\mmdviewer\debug\imgui_demo.obj
g:\myproject\c++\mmdviewer\mmdviewer\debug\imgui_draw.obj
g:\myproject\c++\mmdviewer\mmdviewer\debug\imgui_impl_dx11.obj
g:\myproject\c++\mmdviewer\mmdviewer\debug\main.obj
g:\myproject\c++\mmdviewer\mmdviewer\debug\material.obj
g:\myproject\c++\mmdviewer\mmdviewer\debug\mathlib.obj
g:\myproject\c++\mmdviewer\mmdviewer\debug\mmdviewer.obj
g:\myproject\c++\mmdviewer\mmdviewer\debug\filereader.obj
g:\myproject\c++\mmdviewer\mmdviewer\debug\mmdreader.obj
g:\myproject\c++\mmdviewer\mmdviewer\debug\pmdreader.obj
g:\myproject\c++\mmdviewer\mmdviewer\debug\pmxreader.obj
g:\myproject\c++\mmdviewer\mmdviewer\debug\vmdreader.obj
g:\myproject\c++\mmdviewer\mmdviewer\debug\model.obj
g:\myproject\c++\mmdviewer\mmdviewer\debug\modelbone.obj
g:\myproject\c++\mmdviewer\mmdviewer\debug\morphcontroller.obj
g:\myproject\c++\mmdviewer\mmdviewer\debug\pathhelper.obj
g:\myproject\c++\mmdviewer\mmdviewer\debug\renderer.obj
g:\myproject\c++\mmdviewer\mmdviewer\debug\renderwindow.obj
g:\myproject\c++\mmdviewer\mmdviewer\debug\shader.obj
g:\myproject\c++\mmdviewer\mmdviewer\debug\vertexindexbuffer.obj
g:\myproject\c++\mmdviewer\mmdviewer\debug\animationcontroller.obj
g:\myproject\c++\mmdviewer\mmdviewer\debug\animationclip.obj
g:\myproject\c++\mmdviewer\mmdviewer\debug\camera.obj
g:\myproject\c++\mmdviewer\mmdviewer\debug\ceshi.obj
g:\myproject\c++\mmdviewer\mmdviewer\debug\d3dgraphicscontext.obj
g:\myproject\c++\mmdviewer\mmdviewer\debug\debug.obj
g:\myproject\c++\mmdviewer\mmdviewer\debug\event.obj
g:\myproject\c++\mmdviewer\mmdviewer\debug\eventdispatcher.obj
g:\myproject\c++\mmdviewer\mmdviewer\debug\imgui.obj
g:\myproject\c++\mmdviewer\debug\mmdviewer.ilk
g:\myproject\c++\mmdviewer\debug\mmdviewer.exe
g:\myproject\c++\mmdviewer\debug\mmdviewer.pdb
g:\myproject\c++\mmdviewer\mmdviewer\debug\mmdviewer.tlog\cl.command.1.tlog
g:\myproject\c++\mmdviewer\mmdviewer\debug\mmdviewer.tlog\cl.read.1.tlog
g:\myproject\c++\mmdviewer\mmdviewer\debug\mmdviewer.tlog\cl.write.1.tlog
g:\myproject\c++\mmdviewer\mmdviewer\debug\mmdviewer.tlog\link.command.1.tlog
g:\myproject\c++\mmdviewer\mmdviewer\debug\mmdviewer.tlog\link.read.1.tlog
g:\myproject\c++\mmdviewer\mmdviewer\debug\mmdviewer.tlog\link.write.1.tlog
